[  3%] [32mBuilding CXX object gtest/googletest/CMakeFiles/gtest.dir/src/gtest-all.cc.o[0m
[  9%] Built target elevation_mapping_pcl_types
Removing test result files from '/home/david/Desktop/SLAM_project/build/elevation_mapping/test_results/elevation_mapping'
[  9%] Built target clean_test_results_elevation_mapping
[ 53%] Built target elevation_mapping_library
[ 56%] [32m[1mLinking CXX shared library ../lib/libgtest.so[0m
[ 56%] Built target gtest
[ 62%] [32mBuilding CXX object CMakeFiles/test_elevation_mapping_input_sources.dir/test/input_sources/test_input_sources.cpp.o[0m
[ 65%] [32mBuilding CXX object gtest/googletest/CMakeFiles/gtest_main.dir/src/gtest_main.cc.o[0m
[ 65%] [32mBuilding CXX object CMakeFiles/test_elevation_mapping_cumulative_distribution.dir/test/ElevationMapTest.cpp.o[0m
[ 68%] [32mBuilding CXX object CMakeFiles/test_elevation_mapping_postprocessor.dir/test/postprocessing/main.cpp.o[0m
[ 71%] [32m[1mLinking CXX shared library ../lib/libgtest_main.so[0m
[ 71%] Built target gtest_main
[ 75%] [32mBuilding CXX object CMakeFiles/test_elevation_mapping_cumulative_distribution.dir/test/test_elevation_mapping.cpp.o[0m
[ 78%] [32mBuilding CXX object CMakeFiles/test_elevation_mapping_cumulative_distribution.dir/test/WeightedEmpiricalCumulativeDistributionFunctionTest.cpp.o[0m
[ 81%] [32mBuilding CXX object CMakeFiles/test_elevation_mapping_input_sources.dir/test/input_sources/InputSourcesTest.cpp.o[0m
[ 84%] [32mBuilding CXX object CMakeFiles/test_elevation_mapping_postprocessor.dir/test/postprocessing/PostprocessorTest.cpp.o[0m
[ 87%] [32mBuilding CXX object CMakeFiles/test_elevation_mapping_thread_safe_parameter_wrapper.dir/test/ThreadSafeParameterWrapperTest.cpp.o[0m
[ 90%] [32m[1mLinking CXX executable /home/david/Desktop/SLAM_project/devel/.private/elevation_mapping/lib/elevation_mapping/test_elevation_mapping_thread_safe_parameter_wrapper[0m
[ 90%] Built target test_elevation_mapping_thread_safe_parameter_wrapper
[ 93%] [32m[1mLinking CXX executable /home/david/Desktop/SLAM_project/devel/.private/elevation_mapping/lib/elevation_mapping/test_elevation_mapping_cumulative_distribution[0m
[ 93%] Built target test_elevation_mapping_cumulative_distribution
[ 96%] [32m[1mLinking CXX executable /home/david/Desktop/SLAM_project/devel/.private/elevation_mapping/lib/elevation_mapping/test_elevation_mapping_postprocessor[0m
[ 96%] Built target test_elevation_mapping_postprocessor
[100%] [32m[1mLinking CXX executable /home/david/Desktop/SLAM_project/devel/.private/elevation_mapping/lib/elevation_mapping/test_elevation_mapping_input_sources[0m
[100%] Built target test_elevation_mapping_input_sources
[100%] Built target tests
-- run_tests.py: execute commands
  /home/david/Desktop/SLAM_project/slam_project/bin/python3 /opt/ros/noetic/share/rostest/cmake/../../../bin/rostest --pkgdir=/home/david/Desktop/SLAM_project/src/elevation_mapping/elevation_mapping --package=elevation_mapping --results-filename test_postprocessing_postprocessor.xml --results-base-dir "/home/david/Desktop/SLAM_project/build/elevation_mapping/test_results" /home/david/Desktop/SLAM_project/src/elevation_mapping/elevation_mapping/test/postprocessing/postprocessor.test -- run_tests.py: execute commands
  /home/david/Desktop/SLAM_project/devel/.private/elevation_mapping/lib/elevation_mapping/test_elevation_mapping_cumulative_distribution --gtest_output=xml:/home/david/Desktop/SLAM_project/build/elevation_mapping/test_results/elevation_mapping/gtest-test_elevation_mapping_cumulative_distribution.xml

-- run_tests.py: execute commands
  /home/david/Desktop/SLAM_project/devel/.private/elevation_mapping/lib/elevation_mapping/test_elevation_mapping_thread_safe_parameter_wrapper --gtest_output=xml:/home/david/Desktop/SLAM_project/build/elevation_mapping/test_results/elevation_mapping/gtest-test_elevation_mapping_thread_safe_parameter_wrapper.xml
-- run_tests.py: execute commands
  /home/david/Desktop/SLAM_project/slam_project/bin/python3 /opt/ros/noetic/share/rostest/cmake/../../../bin/rostest --pkgdir=/home/david/Desktop/SLAM_project/src/elevation_mapping/elevation_mapping --package=elevation_mapping --results-filename test_input_sources_input_sources.xml --results-base-dir "/home/david/Desktop/SLAM_project/build/elevation_mapping/test_results" /home/david/Desktop/SLAM_project/src/elevation_mapping/elevation_mapping/test/input_sources/input_sources.test 
Init value for random number generator: 1735755578
[0;32m[==========] [mRunning 6 tests from 2 test suites.
[0;32m[----------] [mGlobal test environment set-up.
[0;32m[----------] [m1 test from ElevationMap
[0;32m[ RUN      ] [mElevationMap.Test
[0;32m[       OK ] [mElevationMap.Test (0 ms)
[0;32m[----------] [m1 test from ElevationMap (0 ms total)

[0;32m[----------] [m5 tests from WeightedEmpiricalCumulativeDistributionFunction
[0;32m[ RUN      ] [mWeightedEmpiricalCumulativeDistributionFunction.Initialization
[0;32m[       OK ] [mWeightedEmpiricalCumulativeDistributionFunction.Initialization (0 ms)
[0;32m[ RUN      ] [mWeightedEmpiricalCumulativeDistributionFunction.Trivial
[0;32m[       OK ] [mWeightedEmpiricalCumulativeDistributionFunction.Trivial (0 ms)
[0;32m[ RUN      ] [mWeightedEmpiricalCumulativeDistributionFunction.LinearEquallySpaced
[0;32m[       OK ] [mWeightedEmpiricalCumulativeDistributionFunction.LinearEquallySpaced (0 ms)
[0;32m[ RUN      ] [mWeightedEmpiricalCumulativeDistributionFunction.SingleValue
[0;32m[       OK ] [mWeightedEmpiricalCumulativeDistributionFunction.SingleValue (0 ms)
[0;32m[ RUN      ] [mWeightedEmpiricalCumulativeDistributionFunction.SyntheticDataDebug
[0;32m[       OK ] [mWeightedEmpiricalCumulativeDistributionFunction.SyntheticDataDebug (0 ms)
[0;32m[----------] [m5 tests from WeightedEmpiricalCumulativeDistributionFunction (0 ms total)

[0;32m[----------] [mGlobal test environment tear-down
[0;32m[==========] [m6 tests from 2 test suites ran. (0 ms total)
[0;32m[  PASSED  ] [m6 tests.
-- run_tests.py: verify result "/home/david/Desktop/SLAM_project/build/elevation_mapping/test_results/elevation_mapping/gtest-test_elevation_mapping_cumulative_distribution.xml"
Running main() from /usr/src/googletest/googletest/src/gtest_main.cc
[0;32m[==========] [mRunning 4 tests from 1 test suite.
[0;32m[----------] [mGlobal test environment set-up.
[0;32m[----------] [m4 tests from DataAccessFixture
[0;32m[ RUN      ] [mDataAccessFixture.TestNonConcurrentReadAndWriteNonDataRacePreventingWrite
[100%] Built target _run_tests_elevation_mapping_gtest_test_elevation_mapping_cumulative_distribution
Traceback (most recent call last):
  File "/opt/ros/noetic/share/rostest/cmake/../../../bin/rostest", line 34, in <module>
    from rostest import rostestmain
  File "/opt/ros/noetic/lib/python3/dist-packages/rostest/__init__.py", line 44, in <module>
    import rosunit
  File "/opt/ros/noetic/lib/python3/dist-packages/rosunit/__init__.py", line 42, in <module>
    from . import junitxml  # noqa: F401
  File "/opt/ros/noetic/lib/python3/dist-packages/rosunit/junitxml.py", line 56, in <module>
    import rospkg
ModuleNotFoundError: No module named 'rospkg'
Traceback (most recent call last):
  File "/opt/ros/noetic/share/rostest/cmake/../../../bin/rostest", line 34, in <module>
    from rostest import rostestmain
  File "/opt/ros/noetic/lib/python3/dist-packages/rostest/__init__.py", line 44, in <module>
    import rosunit
  File "/opt/ros/noetic/lib/python3/dist-packages/rosunit/__init__.py", line 42, in <module>
    from . import junitxml  # noqa: F401
  File "/opt/ros/noetic/lib/python3/dist-packages/rosunit/junitxml.py", line 56, in <module>
    import rospkg
ModuleNotFoundError: No module named 'rospkg'
-- run_tests.py: verify result "/home/david/Desktop/SLAM_project/build/elevation_mapping/test_results/elevation_mapping/rostest-test_input_sources_input_sources.xml"
Cannot find results, writing failure results to '/home/david/Desktop/SLAM_project/build/elevation_mapping/test_results/elevation_mapping/MISSING-rostest-test_input_sources_input_sources.xml'
-- run_tests.py: verify result "/home/david/Desktop/SLAM_project/build/elevation_mapping/test_results/elevation_mapping/rostest-test_postprocessing_postprocessor.xml"
Cannot find results, writing failure results to '/home/david/Desktop/SLAM_project/build/elevation_mapping/test_results/elevation_mapping/MISSING-rostest-test_postprocessing_postprocessor.xml'
[100%] Built target _run_tests_elevation_mapping_rostest_test_input_sources_input_sources.test
[100%] Built target _run_tests_elevation_mapping_rostest_test_postprocessing_postprocessor.test
[100%] Built target _run_tests_elevation_mapping_rostest
[0;32m[       OK ] [mDataAccessFixture.TestNonConcurrentReadAndWriteNonDataRacePreventingWrite (6252 ms)
[0;32m[ RUN      ] [mDataAccessFixture.TestNonConcurrentReadAndWriteDataRacePreventingWrite
[0;32m[       OK ] [mDataAccessFixture.TestNonConcurrentReadAndWriteDataRacePreventingWrite (6246 ms)
[0;32m[ RUN      ] [mDataAccessFixture.TestMalunctioningConcurrentReadAndWrite
[0;32m[       OK ] [mDataAccessFixture.TestMalunctioningConcurrentReadAndWrite (3021 ms)
[0;32m[ RUN      ] [mDataAccessFixture.TestFunctioningConcurrentReadAndWrite
[0;32m[       OK ] [mDataAccessFixture.TestFunctioningConcurrentReadAndWrite (3198 ms)
[0;32m[----------] [m4 tests from DataAccessFixture (18717 ms total)

[0;32m[----------] [mGlobal test environment tear-down
[0;32m[==========] [m4 tests from 1 test suite ran. (18717 ms total)
[0;32m[  PASSED  ] [m4 tests.
-- run_tests.py: verify result "/home/david/Desktop/SLAM_project/build/elevation_mapping/test_results/elevation_mapping/gtest-test_elevation_mapping_thread_safe_parameter_wrapper.xml"
[100%] Built target _run_tests_elevation_mapping_gtest_test_elevation_mapping_thread_safe_parameter_wrapper
[100%] Built target _run_tests_elevation_mapping_gtest
[100%] Built target _run_tests_elevation_mapping
[100%] Built target run_tests
